
-----
mkdir timedrun fake

-----
---------HCLIB_RUNTIME_INFO-----------
>>> HCLIB_WORKERS		= 16
>>> HCLIB_HPT_FILE	= (null)
>>> HCLIB_BIND_THREADS	= true
WARNING: HCLIB_BIND_THREADS assign cores in round robin. E.g., setting HCLIB_WORKERS=12 on 2-socket node, each with 12 cores, will assign both HCUPC++ places on same socket
>>> HCLIB_STATS		= 1
----------------------------------------
HCLIB_INFO: Round Robin Thread Binding
Testing exp: -0.000000
Input(case 1): nx=16384, ny=16384, nt=50
Heat started...
Heat ended...

Heat Unbalanced
 dx =  0.000096
  dy =  0.000096
  dt =  0.000000
  Stability Value for explicit method must be > 0: 0.064882
 Options: granularity = 8
         nx          = 16384
         ny          = 16384
         nt          = 50
============================ MMTk Statistics Totals ============================
time.mu	totalPushOutDeq	totalPushInDeq	totalStealsInDeq	tWork	tOverhead	tSearch
23611.141	0	104397	0	1.0299	1.0331	0.00000
Total time: 33125.030 ms
------------------------------ End MMTk Statistics -----------------------------
===== TEST PASSED in 33125.030 msec =====

-----
mkdir timedrun fake

-----
---------HCLIB_RUNTIME_INFO-----------
>>> HCLIB_WORKERS		= 16
>>> HCLIB_HPT_FILE	= (null)
>>> HCLIB_BIND_THREADS	= true
WARNING: HCLIB_BIND_THREADS assign cores in round robin. E.g., setting HCLIB_WORKERS=12 on 2-socket node, each with 12 cores, will assign both HCUPC++ places on same socket
>>> HCLIB_STATS		= 1
----------------------------------------
HCLIB_INFO: Round Robin Thread Binding
Testing exp: -0.000000
Input(case 1): nx=16384, ny=16384, nt=50
Heat started...
Heat ended...

Heat Unbalanced
 dx =  0.000096
  dy =  0.000096
  dt =  0.000000
  Stability Value for explicit method must be > 0: 0.064882
 Options: granularity = 8
         nx          = 16384
         ny          = 16384
         nt          = 50
============================ MMTk Statistics Totals ============================
time.mu	totalPushOutDeq	totalPushInDeq	totalStealsInDeq	tWork	tOverhead	tSearch
23842.362	0	104397	0	1.0366	1.0378	0.00000
Total time: 33307.866 ms
------------------------------ End MMTk Statistics -----------------------------
===== TEST PASSED in 33307.866 msec =====

-----
mkdir timedrun fake

-----
---------HCLIB_RUNTIME_INFO-----------
>>> HCLIB_WORKERS		= 16
>>> HCLIB_HPT_FILE	= (null)
>>> HCLIB_BIND_THREADS	= true
WARNING: HCLIB_BIND_THREADS assign cores in round robin. E.g., setting HCLIB_WORKERS=12 on 2-socket node, each with 12 cores, will assign both HCUPC++ places on same socket
>>> HCLIB_STATS		= 1
----------------------------------------
HCLIB_INFO: Round Robin Thread Binding
Testing exp: -0.000000
Input(case 1): nx=16384, ny=16384, nt=50
Heat started...
Heat ended...

Heat Unbalanced
 dx =  0.000096
  dy =  0.000096
  dt =  0.000000
  Stability Value for explicit method must be > 0: 0.064882
 Options: granularity = 8
         nx          = 16384
         ny          = 16384
         nt          = 50
============================ MMTk Statistics Totals ============================
time.mu	totalPushOutDeq	totalPushInDeq	totalStealsInDeq	tWork	tOverhead	tSearch
23597.565	0	104397	0	1.0270	1.0326	0.00000
Total time: 33070.525 ms
------------------------------ End MMTk Statistics -----------------------------
===== TEST PASSED in 33070.525 msec =====

-----
mkdir timedrun fake

-----
---------HCLIB_RUNTIME_INFO-----------
>>> HCLIB_WORKERS		= 16
>>> HCLIB_HPT_FILE	= (null)
>>> HCLIB_BIND_THREADS	= true
WARNING: HCLIB_BIND_THREADS assign cores in round robin. E.g., setting HCLIB_WORKERS=12 on 2-socket node, each with 12 cores, will assign both HCUPC++ places on same socket
>>> HCLIB_STATS		= 1
----------------------------------------
HCLIB_INFO: Round Robin Thread Binding
Testing exp: -0.000000
Input(case 1): nx=16384, ny=16384, nt=50
Heat started...
Heat ended...

Heat Unbalanced
 dx =  0.000096
  dy =  0.000096
  dt =  0.000000
  Stability Value for explicit method must be > 0: 0.064882
 Options: granularity = 8
         nx          = 16384
         ny          = 16384
         nt          = 50
============================ MMTk Statistics Totals ============================
time.mu	totalPushOutDeq	totalPushInDeq	totalStealsInDeq	tWork	tOverhead	tSearch
23945.164	0	104397	0	1.0394	1.0410	0.00000
Total time: 33404.574 ms
------------------------------ End MMTk Statistics -----------------------------
===== TEST PASSED in 33404.574 msec =====

-----
mkdir timedrun fake

-----
---------HCLIB_RUNTIME_INFO-----------
>>> HCLIB_WORKERS		= 16
>>> HCLIB_HPT_FILE	= (null)
>>> HCLIB_BIND_THREADS	= true
WARNING: HCLIB_BIND_THREADS assign cores in round robin. E.g., setting HCLIB_WORKERS=12 on 2-socket node, each with 12 cores, will assign both HCUPC++ places on same socket
>>> HCLIB_STATS		= 1
----------------------------------------
HCLIB_INFO: Round Robin Thread Binding
Testing exp: -0.000000
Input(case 1): nx=16384, ny=16384, nt=50
Heat started...
Heat ended...

Heat Unbalanced
 dx =  0.000096
  dy =  0.000096
  dt =  0.000000
  Stability Value for explicit method must be > 0: 0.064882
 Options: granularity = 8
         nx          = 16384
         ny          = 16384
         nt          = 50
============================ MMTk Statistics Totals ============================
time.mu	totalPushOutDeq	totalPushInDeq	totalStealsInDeq	tWork	tOverhead	tSearch
23751.762	0	104397	0	1.0314	1.0377	0.00000
Total time: 33222.518 ms
------------------------------ End MMTk Statistics -----------------------------
===== TEST PASSED in 33222.518 msec =====

-----
mkdir timedrun fake

-----
---------HCLIB_RUNTIME_INFO-----------
>>> HCLIB_WORKERS		= 16
>>> HCLIB_HPT_FILE	= (null)
>>> HCLIB_BIND_THREADS	= true
WARNING: HCLIB_BIND_THREADS assign cores in round robin. E.g., setting HCLIB_WORKERS=12 on 2-socket node, each with 12 cores, will assign both HCUPC++ places on same socket
>>> HCLIB_STATS		= 1
----------------------------------------
HCLIB_INFO: Round Robin Thread Binding
Testing exp: -0.000000
Input(case 1): nx=16384, ny=16384, nt=50
Heat started...
Heat ended...

Heat Unbalanced
 dx =  0.000096
  dy =  0.000096
  dt =  0.000000
  Stability Value for explicit method must be > 0: 0.064882
 Options: granularity = 8
         nx          = 16384
         ny          = 16384
         nt          = 50
============================ MMTk Statistics Totals ============================
time.mu	totalPushOutDeq	totalPushInDeq	totalStealsInDeq	tWork	tOverhead	tSearch
23873.037	0	104397	0	1.0371	1.0392	0.00000
Total time: 33338.954 ms
------------------------------ End MMTk Statistics -----------------------------
===== TEST PASSED in 33338.954 msec =====
