
-----
mkdir timedrun fake

-----
---------HCLIB_RUNTIME_INFO-----------
>>> HCLIB_WORKERS		= 8
>>> HCLIB_HPT_FILE	= (null)
>>> HCLIB_BIND_THREADS	= true
WARNING: HCLIB_BIND_THREADS assign cores in round robin. E.g., setting HCLIB_WORKERS=12 on 2-socket node, each with 12 cores, will assign both HCUPC++ places on same socket
>>> HCLIB_STATS		= 1
----------------------------------------
HCLIB_INFO: Round Robin Thread Binding
Square Matmul: N=4096, Granularity = 256
============================ MMTk Statistics Totals ============================
time.mu	totalPushOutDeq	totalPushInDeq	totalStealsInDeq	tWork	tOverhead	tSearch
21256.793	0	1755	0	1.9907	0.6664	0.00000
Total time: 21257.549 ms
------------------------------ End MMTk Statistics -----------------------------
===== TEST PASSED in 21257.549 msec =====

-----
mkdir timedrun fake

-----
---------HCLIB_RUNTIME_INFO-----------
>>> HCLIB_WORKERS		= 8
>>> HCLIB_HPT_FILE	= (null)
>>> HCLIB_BIND_THREADS	= true
WARNING: HCLIB_BIND_THREADS assign cores in round robin. E.g., setting HCLIB_WORKERS=12 on 2-socket node, each with 12 cores, will assign both HCUPC++ places on same socket
>>> HCLIB_STATS		= 1
----------------------------------------
HCLIB_INFO: Round Robin Thread Binding
Square Matmul: N=4096, Granularity = 256
============================ MMTk Statistics Totals ============================
time.mu	totalPushOutDeq	totalPushInDeq	totalStealsInDeq	tWork	tOverhead	tSearch
21250.238	0	1755	0	1.9905	0.6658	0.00000
Total time: 21250.677 ms
------------------------------ End MMTk Statistics -----------------------------
===== TEST PASSED in 21250.677 msec =====

-----
mkdir timedrun fake

-----
---------HCLIB_RUNTIME_INFO-----------
>>> HCLIB_WORKERS		= 8
>>> HCLIB_HPT_FILE	= (null)
>>> HCLIB_BIND_THREADS	= true
WARNING: HCLIB_BIND_THREADS assign cores in round robin. E.g., setting HCLIB_WORKERS=12 on 2-socket node, each with 12 cores, will assign both HCUPC++ places on same socket
>>> HCLIB_STATS		= 1
----------------------------------------
HCLIB_INFO: Round Robin Thread Binding
Square Matmul: N=4096, Granularity = 256
============================ MMTk Statistics Totals ============================
time.mu	totalPushOutDeq	totalPushInDeq	totalStealsInDeq	tWork	tOverhead	tSearch
21244.788	0	1755	0	1.9899	0.6657	0.00000
Total time: 21245.184 ms
------------------------------ End MMTk Statistics -----------------------------
===== TEST PASSED in 21245.184 msec =====

-----
mkdir timedrun fake

-----
---------HCLIB_RUNTIME_INFO-----------
>>> HCLIB_WORKERS		= 8
>>> HCLIB_HPT_FILE	= (null)
>>> HCLIB_BIND_THREADS	= true
WARNING: HCLIB_BIND_THREADS assign cores in round robin. E.g., setting HCLIB_WORKERS=12 on 2-socket node, each with 12 cores, will assign both HCUPC++ places on same socket
>>> HCLIB_STATS		= 1
----------------------------------------
HCLIB_INFO: Round Robin Thread Binding
Square Matmul: N=4096, Granularity = 256
============================ MMTk Statistics Totals ============================
time.mu	totalPushOutDeq	totalPushInDeq	totalStealsInDeq	tWork	tOverhead	tSearch
21250.683	0	1755	0	1.9904	0.6660	0.00000
Total time: 21251.630 ms
------------------------------ End MMTk Statistics -----------------------------
===== TEST PASSED in 21251.630 msec =====

-----
mkdir timedrun fake

-----
---------HCLIB_RUNTIME_INFO-----------
>>> HCLIB_WORKERS		= 8
>>> HCLIB_HPT_FILE	= (null)
>>> HCLIB_BIND_THREADS	= true
WARNING: HCLIB_BIND_THREADS assign cores in round robin. E.g., setting HCLIB_WORKERS=12 on 2-socket node, each with 12 cores, will assign both HCUPC++ places on same socket
>>> HCLIB_STATS		= 1
----------------------------------------
HCLIB_INFO: Round Robin Thread Binding
Square Matmul: N=4096, Granularity = 256
============================ MMTk Statistics Totals ============================
time.mu	totalPushOutDeq	totalPushInDeq	totalStealsInDeq	tWork	tOverhead	tSearch
21252.794	0	1755	0	1.9908	0.6658	0.00000
Total time: 21253.376 ms
------------------------------ End MMTk Statistics -----------------------------
===== TEST PASSED in 21253.376 msec =====

-----
mkdir timedrun fake

-----
---------HCLIB_RUNTIME_INFO-----------
>>> HCLIB_WORKERS		= 8
>>> HCLIB_HPT_FILE	= (null)
>>> HCLIB_BIND_THREADS	= true
WARNING: HCLIB_BIND_THREADS assign cores in round robin. E.g., setting HCLIB_WORKERS=12 on 2-socket node, each with 12 cores, will assign both HCUPC++ places on same socket
>>> HCLIB_STATS		= 1
----------------------------------------
HCLIB_INFO: Round Robin Thread Binding
Square Matmul: N=4096, Granularity = 256
============================ MMTk Statistics Totals ============================
time.mu	totalPushOutDeq	totalPushInDeq	totalStealsInDeq	tWork	tOverhead	tSearch
21244.597	0	1755	0	1.9901	0.6655	0.00000
Total time: 21244.992 ms
------------------------------ End MMTk Statistics -----------------------------
===== TEST PASSED in 21244.992 msec =====
