
-----
mkdir timedrun fake

-----
---------HCLIB_RUNTIME_INFO-----------
>>> HCLIB_WORKERS		= 16
>>> HCLIB_HPT_FILE	= (null)
>>> HCLIB_BIND_THREADS	= true
WARNING: HCLIB_BIND_THREADS assign cores in round robin. E.g., setting HCLIB_WORKERS=12 on 2-socket node, each with 12 cores, will assign both HCUPC++ places on same socket
>>> HCLIB_STATS		= 1
----------------------------------------
HCLIB_INFO: Round Robin Thread Binding
Testing exp: -0.000000
Input(case 0): nx=8192, ny=8192, nt=50
Heat started...
Heat ended...

Heat Unbalanced
 dx =  0.000192
  dy =  0.000192
  dt =  0.000000
  Stability Value for explicit method must be > 0: 0.391234
 Options: granularity = 8
         nx          = 8192
         ny          = 8192
         nt          = 50
============================ MMTk Statistics Totals ============================
time.mu	totalPushOutDeq	totalPushInDeq	totalStealsInDeq	tWork	tOverhead	tSearch
5674.697	0	0	0	0.0000	0.0000	0.00000
Total time: 8061.161 ms
------------------------------ End MMTk Statistics -----------------------------
===== TEST PASSED in 8061.161 msec =====

-----
mkdir timedrun fake

-----
---------HCLIB_RUNTIME_INFO-----------
>>> HCLIB_WORKERS		= 16
>>> HCLIB_HPT_FILE	= (null)
>>> HCLIB_BIND_THREADS	= true
WARNING: HCLIB_BIND_THREADS assign cores in round robin. E.g., setting HCLIB_WORKERS=12 on 2-socket node, each with 12 cores, will assign both HCUPC++ places on same socket
>>> HCLIB_STATS		= 1
----------------------------------------
HCLIB_INFO: Round Robin Thread Binding
Testing exp: -0.000000
Input(case 0): nx=8192, ny=8192, nt=50
Heat started...
Heat ended...

Heat Unbalanced
 dx =  0.000192
  dy =  0.000192
  dt =  0.000000
  Stability Value for explicit method must be > 0: 0.391234
 Options: granularity = 8
         nx          = 8192
         ny          = 8192
         nt          = 50
============================ MMTk Statistics Totals ============================
time.mu	totalPushOutDeq	totalPushInDeq	totalStealsInDeq	tWork	tOverhead	tSearch
5795.588	0	0	0	0.0000	0.0000	0.00000
Total time: 8173.378 ms
------------------------------ End MMTk Statistics -----------------------------
===== TEST PASSED in 8173.378 msec =====

-----
mkdir timedrun fake

-----
---------HCLIB_RUNTIME_INFO-----------
>>> HCLIB_WORKERS		= 16
>>> HCLIB_HPT_FILE	= (null)
>>> HCLIB_BIND_THREADS	= true
WARNING: HCLIB_BIND_THREADS assign cores in round robin. E.g., setting HCLIB_WORKERS=12 on 2-socket node, each with 12 cores, will assign both HCUPC++ places on same socket
>>> HCLIB_STATS		= 1
----------------------------------------
HCLIB_INFO: Round Robin Thread Binding
Testing exp: -0.000000
Input(case 0): nx=8192, ny=8192, nt=50
Heat started...
Heat ended...

Heat Unbalanced
 dx =  0.000192
  dy =  0.000192
  dt =  0.000000
  Stability Value for explicit method must be > 0: 0.391234
 Options: granularity = 8
         nx          = 8192
         ny          = 8192
         nt          = 50
============================ MMTk Statistics Totals ============================
time.mu	totalPushOutDeq	totalPushInDeq	totalStealsInDeq	tWork	tOverhead	tSearch
5876.205	0	0	0	0.0000	0.0000	0.00000
Total time: 8251.769 ms
------------------------------ End MMTk Statistics -----------------------------
===== TEST PASSED in 8251.769 msec =====

-----
mkdir timedrun fake

-----
---------HCLIB_RUNTIME_INFO-----------
>>> HCLIB_WORKERS		= 16
>>> HCLIB_HPT_FILE	= (null)
>>> HCLIB_BIND_THREADS	= true
WARNING: HCLIB_BIND_THREADS assign cores in round robin. E.g., setting HCLIB_WORKERS=12 on 2-socket node, each with 12 cores, will assign both HCUPC++ places on same socket
>>> HCLIB_STATS		= 1
----------------------------------------
HCLIB_INFO: Round Robin Thread Binding
Testing exp: -0.000000
Input(case 0): nx=8192, ny=8192, nt=50
Heat started...
Heat ended...

Heat Unbalanced
 dx =  0.000192
  dy =  0.000192
  dt =  0.000000
  Stability Value for explicit method must be > 0: 0.391234
 Options: granularity = 8
         nx          = 8192
         ny          = 8192
         nt          = 50
============================ MMTk Statistics Totals ============================
time.mu	totalPushOutDeq	totalPushInDeq	totalStealsInDeq	tWork	tOverhead	tSearch
5838.071	0	0	0	0.0000	0.0000	0.00000
Total time: 8215.416 ms
------------------------------ End MMTk Statistics -----------------------------
===== TEST PASSED in 8215.416 msec =====

-----
mkdir timedrun fake

-----
---------HCLIB_RUNTIME_INFO-----------
>>> HCLIB_WORKERS		= 16
>>> HCLIB_HPT_FILE	= (null)
>>> HCLIB_BIND_THREADS	= true
WARNING: HCLIB_BIND_THREADS assign cores in round robin. E.g., setting HCLIB_WORKERS=12 on 2-socket node, each with 12 cores, will assign both HCUPC++ places on same socket
>>> HCLIB_STATS		= 1
----------------------------------------
HCLIB_INFO: Round Robin Thread Binding
Testing exp: -0.000000
Input(case 0): nx=8192, ny=8192, nt=50
Heat started...
Heat ended...

Heat Unbalanced
 dx =  0.000192
  dy =  0.000192
  dt =  0.000000
  Stability Value for explicit method must be > 0: 0.391234
 Options: granularity = 8
         nx          = 8192
         ny          = 8192
         nt          = 50
============================ MMTk Statistics Totals ============================
time.mu	totalPushOutDeq	totalPushInDeq	totalStealsInDeq	tWork	tOverhead	tSearch
5847.587	0	0	0	0.0000	0.0000	0.00000
Total time: 8226.173 ms
------------------------------ End MMTk Statistics -----------------------------
===== TEST PASSED in 8226.173 msec =====

-----
mkdir timedrun fake

-----
---------HCLIB_RUNTIME_INFO-----------
>>> HCLIB_WORKERS		= 16
>>> HCLIB_HPT_FILE	= (null)
>>> HCLIB_BIND_THREADS	= true
WARNING: HCLIB_BIND_THREADS assign cores in round robin. E.g., setting HCLIB_WORKERS=12 on 2-socket node, each with 12 cores, will assign both HCUPC++ places on same socket
>>> HCLIB_STATS		= 1
----------------------------------------
HCLIB_INFO: Round Robin Thread Binding
Testing exp: -0.000000
Input(case 0): nx=8192, ny=8192, nt=50
Heat started...
Heat ended...

Heat Unbalanced
 dx =  0.000192
  dy =  0.000192
  dt =  0.000000
  Stability Value for explicit method must be > 0: 0.391234
 Options: granularity = 8
         nx          = 8192
         ny          = 8192
         nt          = 50
============================ MMTk Statistics Totals ============================
time.mu	totalPushOutDeq	totalPushInDeq	totalStealsInDeq	tWork	tOverhead	tSearch
5971.941	0	0	0	0.0000	0.0000	0.00000
Total time: 8350.348 ms
------------------------------ End MMTk Statistics -----------------------------
===== TEST PASSED in 8350.348 msec =====
