
-----
mkdir timedrun fake

-----
---------HCLIB_RUNTIME_INFO-----------
>>> HCLIB_WORKERS		= 32
>>> HCLIB_HPT_FILE	= (null)
>>> HCLIB_BIND_THREADS	= true
WARNING: HCLIB_BIND_THREADS assign cores in round robin. E.g., setting HCLIB_WORKERS=12 on 2-socket node, each with 12 cores, will assign both HCUPC++ places on same socket
>>> HCLIB_STATS		= 1
----------------------------------------
HCLIB_INFO: Round Robin Thread Binding
Testing exp: -0.000000
Input(case 1): nx=16384, ny=16384, nt=50
Heat started...
Heat ended...

Heat Unbalanced
 dx =  0.000096
  dy =  0.000096
  dt =  0.000000
  Stability Value for explicit method must be > 0: 0.064882
 Options: granularity = 8
         nx          = 16384
         ny          = 16384
         nt          = 50
============================ MMTk Statistics Totals ============================
time.mu	totalPushOutDeq	totalPushInDeq	totalStealsInDeq	tWork	tOverhead	tSearch
18767.766	0	104397	0	0.4399	0.4420	0.00000
Total time: 28355.702 ms
------------------------------ End MMTk Statistics -----------------------------
===== TEST PASSED in 28355.702 msec =====

-----
mkdir timedrun fake

-----
---------HCLIB_RUNTIME_INFO-----------
>>> HCLIB_WORKERS		= 32
>>> HCLIB_HPT_FILE	= (null)
>>> HCLIB_BIND_THREADS	= true
WARNING: HCLIB_BIND_THREADS assign cores in round robin. E.g., setting HCLIB_WORKERS=12 on 2-socket node, each with 12 cores, will assign both HCUPC++ places on same socket
>>> HCLIB_STATS		= 1
----------------------------------------
HCLIB_INFO: Round Robin Thread Binding
Testing exp: -0.000000
Input(case 1): nx=16384, ny=16384, nt=50
Heat started...
Heat ended...

Heat Unbalanced
 dx =  0.000096
  dy =  0.000096
  dt =  0.000000
  Stability Value for explicit method must be > 0: 0.064882
 Options: granularity = 8
         nx          = 16384
         ny          = 16384
         nt          = 50
============================ MMTk Statistics Totals ============================
time.mu	totalPushOutDeq	totalPushInDeq	totalStealsInDeq	tWork	tOverhead	tSearch
18739.717	0	104397	0	0.4399	0.4414	0.00000
Total time: 28336.097 ms
------------------------------ End MMTk Statistics -----------------------------
===== TEST PASSED in 28336.097 msec =====

-----
mkdir timedrun fake

-----
---------HCLIB_RUNTIME_INFO-----------
>>> HCLIB_WORKERS		= 32
>>> HCLIB_HPT_FILE	= (null)
>>> HCLIB_BIND_THREADS	= true
WARNING: HCLIB_BIND_THREADS assign cores in round robin. E.g., setting HCLIB_WORKERS=12 on 2-socket node, each with 12 cores, will assign both HCUPC++ places on same socket
>>> HCLIB_STATS		= 1
----------------------------------------
HCLIB_INFO: Round Robin Thread Binding
Testing exp: -0.000000
Input(case 1): nx=16384, ny=16384, nt=50
Heat started...
Heat ended...

Heat Unbalanced
 dx =  0.000096
  dy =  0.000096
  dt =  0.000000
  Stability Value for explicit method must be > 0: 0.064882
 Options: granularity = 8
         nx          = 16384
         ny          = 16384
         nt          = 50
============================ MMTk Statistics Totals ============================
time.mu	totalPushOutDeq	totalPushInDeq	totalStealsInDeq	tWork	tOverhead	tSearch
18749.127	0	104397	0	0.4394	0.4422	0.00000
Total time: 28349.047 ms
------------------------------ End MMTk Statistics -----------------------------
===== TEST PASSED in 28349.047 msec =====

-----
mkdir timedrun fake

-----
---------HCLIB_RUNTIME_INFO-----------
>>> HCLIB_WORKERS		= 32
>>> HCLIB_HPT_FILE	= (null)
>>> HCLIB_BIND_THREADS	= true
WARNING: HCLIB_BIND_THREADS assign cores in round robin. E.g., setting HCLIB_WORKERS=12 on 2-socket node, each with 12 cores, will assign both HCUPC++ places on same socket
>>> HCLIB_STATS		= 1
----------------------------------------
HCLIB_INFO: Round Robin Thread Binding
Testing exp: -0.000000
Input(case 1): nx=16384, ny=16384, nt=50
Heat started...
Heat ended...

Heat Unbalanced
 dx =  0.000096
  dy =  0.000096
  dt =  0.000000
  Stability Value for explicit method must be > 0: 0.064882
 Options: granularity = 8
         nx          = 16384
         ny          = 16384
         nt          = 50
============================ MMTk Statistics Totals ============================
time.mu	totalPushOutDeq	totalPushInDeq	totalStealsInDeq	tWork	tOverhead	tSearch
18763.574	0	104397	0	0.4406	0.4428	0.00000
Total time: 28402.373 ms
------------------------------ End MMTk Statistics -----------------------------
===== TEST PASSED in 28402.373 msec =====

-----
mkdir timedrun fake

-----
---------HCLIB_RUNTIME_INFO-----------
>>> HCLIB_WORKERS		= 32
>>> HCLIB_HPT_FILE	= (null)
>>> HCLIB_BIND_THREADS	= true
WARNING: HCLIB_BIND_THREADS assign cores in round robin. E.g., setting HCLIB_WORKERS=12 on 2-socket node, each with 12 cores, will assign both HCUPC++ places on same socket
>>> HCLIB_STATS		= 1
----------------------------------------
HCLIB_INFO: Round Robin Thread Binding
Testing exp: -0.000000
Input(case 1): nx=16384, ny=16384, nt=50
Heat started...
Heat ended...

Heat Unbalanced
 dx =  0.000096
  dy =  0.000096
  dt =  0.000000
  Stability Value for explicit method must be > 0: 0.064882
 Options: granularity = 8
         nx          = 16384
         ny          = 16384
         nt          = 50
============================ MMTk Statistics Totals ============================
time.mu	totalPushOutDeq	totalPushInDeq	totalStealsInDeq	tWork	tOverhead	tSearch
18841.359	0	104397	0	0.4413	0.4432	0.00000
Total time: 28441.152 ms
------------------------------ End MMTk Statistics -----------------------------
===== TEST PASSED in 28441.152 msec =====

-----
mkdir timedrun fake

-----
---------HCLIB_RUNTIME_INFO-----------
>>> HCLIB_WORKERS		= 32
>>> HCLIB_HPT_FILE	= (null)
>>> HCLIB_BIND_THREADS	= true
WARNING: HCLIB_BIND_THREADS assign cores in round robin. E.g., setting HCLIB_WORKERS=12 on 2-socket node, each with 12 cores, will assign both HCUPC++ places on same socket
>>> HCLIB_STATS		= 1
----------------------------------------
HCLIB_INFO: Round Robin Thread Binding
Testing exp: -0.000000
Input(case 1): nx=16384, ny=16384, nt=50
Heat started...
Heat ended...

Heat Unbalanced
 dx =  0.000096
  dy =  0.000096
  dt =  0.000000
  Stability Value for explicit method must be > 0: 0.064882
 Options: granularity = 8
         nx          = 16384
         ny          = 16384
         nt          = 50
============================ MMTk Statistics Totals ============================
time.mu	totalPushOutDeq	totalPushInDeq	totalStealsInDeq	tWork	tOverhead	tSearch
19215.070	0	104397	0	0.4470	0.4490	0.00000
Total time: 28807.968 ms
------------------------------ End MMTk Statistics -----------------------------
===== TEST PASSED in 28807.968 msec =====

-----
mkdir timedrun fake

-----
---------HCLIB_RUNTIME_INFO-----------
>>> HCLIB_WORKERS		= 32
>>> HCLIB_HPT_FILE	= (null)
>>> HCLIB_BIND_THREADS	= true
WARNING: HCLIB_BIND_THREADS assign cores in round robin. E.g., setting HCLIB_WORKERS=12 on 2-socket node, each with 12 cores, will assign both HCUPC++ places on same socket
>>> HCLIB_STATS		= 1
----------------------------------------
HCLIB_INFO: Round Robin Thread Binding
Testing exp: -0.000000
Input(case 1): nx=16384, ny=16384, nt=50
Heat started...
Heat ended...

Heat Unbalanced
 dx =  0.000096
  dy =  0.000096
  dt =  0.000000
  Stability Value for explicit method must be > 0: 0.064882
 Options: granularity = 8
         nx          = 16384
         ny          = 16384
         nt          = 50
============================ MMTk Statistics Totals ============================
time.mu	totalPushOutDeq	totalPushInDeq	totalStealsInDeq	tWork	tOverhead	tSearch
19217.745	0	104397	0	0.4485	0.4502	0.00000
Total time: 28894.189 ms
------------------------------ End MMTk Statistics -----------------------------
===== TEST PASSED in 28894.189 msec =====
