This file contains any messages produced by compilers while
running configure, to aid debugging if configure makes a mistake.

It was created by hclib configure 0.1, which was
generated by GNU Autoconf 2.69.  Invocation command line was

  $ ../configure --prefix=/home/aayush/Desktop/Deadline4/2017027_CourseprojectDeadline-4/hclib-cse502/hclib-install

## --------- ##
## Platform. ##
## --------- ##

hostname = mittooji
uname -m = x86_64
uname -r = 5.3.0-51-generic
uname -s = Linux
uname -v = #44~18.04.2-Ubuntu SMP Thu Apr 23 14:27:18 UTC 2020

/usr/bin/uname -p = unknown
/bin/uname -X     = unknown

/bin/arch              = unknown
/usr/bin/arch -k       = unknown
/usr/convex/getsysinfo = unknown
/usr/bin/hostinfo      = unknown
/bin/machine           = unknown
/usr/bin/oslevel       = unknown
/bin/universe          = unknown

PATH: /home/aayush/.local/bin
PATH: /usr/local/sbin
PATH: /usr/local/bin
PATH: /usr/sbin
PATH: /usr/bin
PATH: /sbin
PATH: /bin
PATH: /usr/games
PATH: /usr/local/games
PATH: /snap/bin


## ----------- ##
## Core tests. ##
## ----------- ##

configure:2334: checking for a BSD-compatible install
configure:2402: result: /usr/bin/install -c
configure:2413: checking whether build environment is sane
configure:2468: result: yes
configure:2619: checking for a thread-safe mkdir -p
configure:2658: result: /bin/mkdir -p
configure:2665: checking for gawk
configure:2695: result: no
configure:2665: checking for mawk
configure:2681: found /usr/bin/mawk
configure:2692: result: mawk
configure:2703: checking whether make sets $(MAKE)
configure:2725: result: yes
configure:2754: checking whether make supports nested variables
configure:2771: result: yes
configure:2851: checking whether UID '1000' is supported by ustar format
configure:2854: result: yes
configure:2861: checking whether GID '1000' is supported by ustar format
configure:2864: result: yes
configure:2872: checking how to create a ustar tar archive
configure:2883: tar --version
tar (GNU tar) 1.29
Copyright (C) 2015 Free Software Foundation, Inc.
License GPLv3+: GNU GPL version 3 or later <http://gnu.org/licenses/gpl.html>.
This is free software: you are free to change and redistribute it.
There is NO WARRANTY, to the extent permitted by law.

Written by John Gilmore and Jay Fenlason.
configure:2886: $? = 0
configure:2926: tardir=conftest.dir && eval tar --format=ustar -chf - "$tardir" >conftest.tar
configure:2929: $? = 0
configure:2933: tar -xf - <conftest.tar
configure:2936: $? = 0
configure:2938: cat conftest.dir/file
GrepMe
configure:2941: $? = 0
configure:2954: result: gnutar
configure:3068: checking for g++
configure:3084: found /usr/bin/g++
configure:3095: result: g++
configure:3122: checking for C++ compiler version
configure:3131: g++ --version >&5
g++ (Ubuntu 7.5.0-3ubuntu1~18.04) 7.5.0
Copyright (C) 2017 Free Software Foundation, Inc.
This is free software; see the source for copying conditions.  There is NO
warranty; not even for MERCHANTABILITY or FITNESS FOR A PARTICULAR PURPOSE.

configure:3142: $? = 0
configure:3131: g++ -v >&5
Using built-in specs.
COLLECT_GCC=g++
COLLECT_LTO_WRAPPER=/usr/lib/gcc/x86_64-linux-gnu/7/lto-wrapper
OFFLOAD_TARGET_NAMES=nvptx-none
OFFLOAD_TARGET_DEFAULT=1
Target: x86_64-linux-gnu
Configured with: ../src/configure -v --with-pkgversion='Ubuntu 7.5.0-3ubuntu1~18.04' --with-bugurl=file:///usr/share/doc/gcc-7/README.Bugs --enable-languages=c,ada,c++,go,brig,d,fortran,objc,obj-c++ --prefix=/usr --with-gcc-major-version-only --program-suffix=-7 --program-prefix=x86_64-linux-gnu- --enable-shared --enable-linker-build-id --libexecdir=/usr/lib --without-included-gettext --enable-threads=posix --libdir=/usr/lib --enable-nls --enable-bootstrap --enable-clocale=gnu --enable-libstdcxx-debug --enable-libstdcxx-time=yes --with-default-libstdcxx-abi=new --enable-gnu-unique-object --disable-vtable-verify --enable-libmpx --enable-plugin --enable-default-pie --with-system-zlib --with-target-system-zlib --enable-objc-gc=auto --enable-multiarch --disable-werror --with-arch-32=i686 --with-abi=m64 --with-multilib-list=m32,m64,mx32 --enable-multilib --with-tune=generic --enable-offload-targets=nvptx-none --without-cuda-driver --enable-checking=release --build=x86_64-linux-gnu --host=x86_64-linux-gnu --target=x86_64-linux-gnu
Thread model: posix
gcc version 7.5.0 (Ubuntu 7.5.0-3ubuntu1~18.04) 
configure:3142: $? = 0
configure:3131: g++ -V >&5
g++: error: unrecognized command line option '-V'
g++: fatal error: no input files
compilation terminated.
configure:3142: $? = 1
configure:3131: g++ -qversion >&5
g++: error: unrecognized command line option '-qversion'; did you mean '--version'?
g++: fatal error: no input files
compilation terminated.
configure:3142: $? = 1
configure:3162: checking whether the C++ compiler works
configure:3184: g++    conftest.cpp  >&5
configure:3188: $? = 0
configure:3236: result: yes
configure:3239: checking for C++ compiler default output file name
configure:3241: result: a.out
configure:3247: checking for suffix of executables
configure:3254: g++ -o conftest    conftest.cpp  >&5
configure:3258: $? = 0
configure:3280: result: 
configure:3302: checking whether we are cross compiling
configure:3310: g++ -o conftest    conftest.cpp  >&5
configure:3314: $? = 0
configure:3321: ./conftest
configure:3325: $? = 0
configure:3340: result: no
configure:3345: checking for suffix of object files
configure:3367: g++ -c   conftest.cpp >&5
configure:3371: $? = 0
configure:3392: result: o
configure:3396: checking whether we are using the GNU C++ compiler
configure:3415: g++ -c   conftest.cpp >&5
configure:3415: $? = 0
configure:3424: result: yes
configure:3433: checking whether g++ accepts -g
configure:3453: g++ -c -g  conftest.cpp >&5
configure:3453: $? = 0
configure:3494: result: yes
configure:3528: checking for style of include used by make
configure:3556: result: GNU
configure:3582: checking dependency style of g++
configure:3693: result: gcc3
configure:3737: checking build system type
configure:3751: result: x86_64-pc-linux-gnu
configure:3771: checking host system type
configure:3784: result: x86_64-pc-linux-gnu
configure:3825: checking how to print strings
configure:3852: result: printf
configure:3921: checking for gcc
configure:3937: found /usr/bin/gcc
configure:3948: result: gcc
configure:4177: checking for C compiler version
configure:4186: gcc --version >&5
gcc (Ubuntu 7.5.0-3ubuntu1~18.04) 7.5.0
Copyright (C) 2017 Free Software Foundation, Inc.
This is free software; see the source for copying conditions.  There is NO
warranty; not even for MERCHANTABILITY or FITNESS FOR A PARTICULAR PURPOSE.

configure:4197: $? = 0
configure:4186: gcc -v >&5
Using built-in specs.
COLLECT_GCC=gcc
COLLECT_LTO_WRAPPER=/usr/lib/gcc/x86_64-linux-gnu/7/lto-wrapper
OFFLOAD_TARGET_NAMES=nvptx-none
OFFLOAD_TARGET_DEFAULT=1
Target: x86_64-linux-gnu
Configured with: ../src/configure -v --with-pkgversion='Ubuntu 7.5.0-3ubuntu1~18.04' --with-bugurl=file:///usr/share/doc/gcc-7/README.Bugs --enable-languages=c,ada,c++,go,brig,d,fortran,objc,obj-c++ --prefix=/usr --with-gcc-major-version-only --program-suffix=-7 --program-prefix=x86_64-linux-gnu- --enable-shared --enable-linker-build-id --libexecdir=/usr/lib --without-included-gettext --enable-threads=posix --libdir=/usr/lib --enable-nls --enable-bootstrap --enable-clocale=gnu --enable-libstdcxx-debug --enable-libstdcxx-time=yes --with-default-libstdcxx-abi=new --enable-gnu-unique-object --disable-vtable-verify --enable-libmpx --enable-plugin --enable-default-pie --with-system-zlib --with-target-system-zlib --enable-objc-gc=auto --enable-multiarch --disable-werror --with-arch-32=i686 --with-abi=m64 --with-multilib-list=m32,m64,mx32 --enable-multilib --with-tune=generic --enable-offload-targets=nvptx-none --without-cuda-driver --enable-checking=release --build=x86_64-linux-gnu --host=x86_64-linux-gnu --target=x86_64-linux-gnu
Thread model: posix
gcc version 7.5.0 (Ubuntu 7.5.0-3ubuntu1~18.04) 
configure:4197: $? = 0
configure:4186: gcc -V >&5
gcc: error: unrecognized command line option '-V'
gcc: fatal error: no input files
compilation terminated.
configure:4197: $? = 1
configure:4186: gcc -qversion >&5
gcc: error: unrecognized command line option '-qversion'; did you mean '--version'?
gcc: fatal error: no input files
compilation terminated.
configure:4197: $? = 1
configure:4201: checking whether we are using the GNU C compiler
configure:4220: gcc -c   conftest.c >&5
configure:4220: $? = 0
configure:4229: result: yes
configure:4238: checking whether gcc accepts -g
configure:4258: gcc -c -g  conftest.c >&5
configure:4258: $? = 0
configure:4299: result: yes
configure:4316: checking for gcc option to accept ISO C89
configure:4379: gcc  -c -g -O2  conftest.c >&5
configure:4379: $? = 0
configure:4392: result: none needed
configure:4417: checking whether gcc understands -c and -o together
configure:4439: gcc -c conftest.c -o conftest2.o
configure:4442: $? = 0
configure:4439: gcc -c conftest.c -o conftest2.o
configure:4442: $? = 0
configure:4454: result: yes
configure:4473: checking dependency style of gcc
configure:4584: result: gcc3
configure:4599: checking for a sed that does not truncate output
configure:4663: result: /bin/sed
configure:4681: checking for grep that handles long lines and -e
configure:4739: result: /bin/grep
configure:4744: checking for egrep
configure:4806: result: /bin/grep -E
configure:4811: checking for fgrep
configure:4873: result: /bin/grep -F
configure:4908: checking for ld used by gcc
configure:4975: result: /usr/bin/ld
configure:4982: checking if the linker (/usr/bin/ld) is GNU ld
configure:4997: result: yes
configure:5009: checking for BSD- or MS-compatible name lister (nm)
configure:5063: result: /usr/bin/nm -B
configure:5193: checking the name lister (/usr/bin/nm -B) interface
configure:5200: gcc -c -g -O2  conftest.c >&5
configure:5203: /usr/bin/nm -B "conftest.o"
configure:5206: output
0000000000000000 B some_variable
configure:5213: result: BSD nm
configure:5216: checking whether ln -s works
configure:5220: result: yes
configure:5228: checking the maximum length of command line arguments
configure:5359: result: 1572864
configure:5407: checking how to convert x86_64-pc-linux-gnu file names to x86_64-pc-linux-gnu format
configure:5447: result: func_convert_file_noop
configure:5454: checking how to convert x86_64-pc-linux-gnu file names to toolchain format
configure:5474: result: func_convert_file_noop
configure:5481: checking for /usr/bin/ld option to reload object files
configure:5488: result: -r
configure:5562: checking for objdump
configure:5578: found /usr/bin/objdump
configure:5589: result: objdump
configure:5621: checking how to recognize dependent libraries
configure:5821: result: pass_all
configure:5906: checking for dlltool
configure:5936: result: no
configure:5966: checking how to associate runtime and link libraries
configure:5993: result: printf %s\n
configure:6054: checking for ar
configure:6070: found /usr/bin/ar
configure:6081: result: ar
configure:6118: checking for archiver @FILE support
configure:6135: gcc -c -g -O2  conftest.c >&5
configure:6135: $? = 0
configure:6138: ar cru libconftest.a @conftest.lst >&5
ar: `u' modifier ignored since `D' is the default (see `U')
configure:6141: $? = 0
configure:6146: ar cru libconftest.a @conftest.lst >&5
ar: `u' modifier ignored since `D' is the default (see `U')
ar: conftest.o: No such file or directory
configure:6149: $? = 1
configure:6161: result: @
configure:6219: checking for strip
configure:6235: found /usr/bin/strip
configure:6246: result: strip
configure:6318: checking for ranlib
configure:6334: found /usr/bin/ranlib
configure:6345: result: ranlib
configure:6447: checking command to parse /usr/bin/nm -B output from gcc object
configure:6600: gcc -c -g -O2  conftest.c >&5
configure:6603: $? = 0
configure:6607: /usr/bin/nm -B conftest.o \| sed -n -e 's/^.*[ ]\([ABCDGIRSTW][ABCDGIRSTW]*\)[ ][ ]*\([_A-Za-z][_A-Za-z0-9]*\)$/\1 \2 \2/p' | sed '/ __gnu_lto/d' \> conftest.nm
configure:6610: $? = 0
configure:6676: gcc -o conftest -g -O2   conftest.c conftstm.o >&5
configure:6679: $? = 0
configure:6717: result: ok
configure:6764: checking for sysroot
configure:6794: result: no
configure:6801: checking for a working dd
configure:6839: result: /bin/dd
configure:6843: checking how to truncate binary pipes
configure:6858: result: /bin/dd bs=4096 count=1
configure:6994: gcc -c -g -O2  conftest.c >&5
configure:6997: $? = 0
configure:7187: checking for mt
configure:7203: found /bin/mt
configure:7214: result: mt
configure:7237: checking if mt is a manifest tool
configure:7243: mt '-?'
configure:7251: result: no
configure:7928: checking how to run the C preprocessor
configure:7959: gcc -E  conftest.c
configure:7959: $? = 0
configure:7973: gcc -E  conftest.c
conftest.c:9:10: fatal error: ac_nonexistent.h: No such file or directory
 #include <ac_nonexistent.h>
          ^~~~~~~~~~~~~~~~~~
compilation terminated.
configure:7973: $? = 1
configure: failed program was:
| /* confdefs.h */
| #define PACKAGE_NAME "hclib"
| #define PACKAGE_TARNAME "hclib"
| #define PACKAGE_VERSION "0.1"
| #define PACKAGE_STRING "hclib 0.1"
| #define PACKAGE_BUGREPORT "vivekk@rice.edu"
| #define PACKAGE_URL ""
| /* end confdefs.h.  */
| #include <ac_nonexistent.h>
configure:7998: result: gcc -E
configure:8018: gcc -E  conftest.c
configure:8018: $? = 0
configure:8032: gcc -E  conftest.c
conftest.c:9:10: fatal error: ac_nonexistent.h: No such file or directory
 #include <ac_nonexistent.h>
          ^~~~~~~~~~~~~~~~~~
compilation terminated.
configure:8032: $? = 1
configure: failed program was:
| /* confdefs.h */
| #define PACKAGE_NAME "hclib"
| #define PACKAGE_TARNAME "hclib"
| #define PACKAGE_VERSION "0.1"
| #define PACKAGE_STRING "hclib 0.1"
| #define PACKAGE_BUGREPORT "vivekk@rice.edu"
| #define PACKAGE_URL ""
| /* end confdefs.h.  */
| #include <ac_nonexistent.h>
configure:8061: checking for ANSI C header files
configure:8081: gcc -c -g -O2  conftest.c >&5
configure:8081: $? = 0
configure:8154: gcc -o conftest -g -O2   conftest.c  >&5
configure:8154: $? = 0
configure:8154: ./conftest
configure:8154: $? = 0
configure:8165: result: yes
configure:8178: checking for sys/types.h
configure:8178: gcc -c -g -O2  conftest.c >&5
configure:8178: $? = 0
configure:8178: result: yes
configure:8178: checking for sys/stat.h
configure:8178: gcc -c -g -O2  conftest.c >&5
configure:8178: $? = 0
configure:8178: result: yes
configure:8178: checking for stdlib.h
configure:8178: gcc -c -g -O2  conftest.c >&5
configure:8178: $? = 0
configure:8178: result: yes
configure:8178: checking for string.h
configure:8178: gcc -c -g -O2  conftest.c >&5
configure:8178: $? = 0
configure:8178: result: yes
configure:8178: checking for memory.h
configure:8178: gcc -c -g -O2  conftest.c >&5
configure:8178: $? = 0
configure:8178: result: yes
configure:8178: checking for strings.h
configure:8178: gcc -c -g -O2  conftest.c >&5
configure:8178: $? = 0
configure:8178: result: yes
configure:8178: checking for inttypes.h
configure:8178: gcc -c -g -O2  conftest.c >&5
configure:8178: $? = 0
configure:8178: result: yes
configure:8178: checking for stdint.h
configure:8178: gcc -c -g -O2  conftest.c >&5
configure:8178: $? = 0
configure:8178: result: yes
configure:8178: checking for unistd.h
configure:8178: gcc -c -g -O2  conftest.c >&5
configure:8178: $? = 0
configure:8178: result: yes
configure:8192: checking for dlfcn.h
configure:8192: gcc -c -g -O2  conftest.c >&5
configure:8192: $? = 0
configure:8192: result: yes
configure:8459: checking for objdir
configure:8474: result: .libs
configure:8734: checking if gcc supports -fno-rtti -fno-exceptions
configure:8752: gcc -c -g -O2  -fno-rtti -fno-exceptions conftest.c >&5
cc1: warning: command line option '-fno-rtti' is valid for C++/ObjC++ but not for C
configure:8756: $? = 0
configure:8769: result: no
configure:9127: checking for gcc option to produce PIC
configure:9134: result: -fPIC -DPIC
configure:9142: checking if gcc PIC flag -fPIC -DPIC works
configure:9160: gcc -c -g -O2  -fPIC -DPIC -DPIC conftest.c >&5
configure:9164: $? = 0
configure:9177: result: yes
configure:9206: checking if gcc static flag -static works
configure:9234: result: yes
configure:9249: checking if gcc supports -c -o file.o
configure:9270: gcc -c -g -O2  -o out/conftest2.o conftest.c >&5
configure:9274: $? = 0
configure:9296: result: yes
configure:9304: checking if gcc supports -c -o file.o
configure:9351: result: yes
configure:9384: checking whether the gcc linker (/usr/bin/ld -m elf_x86_64) supports shared libraries
configure:10647: result: yes
configure:10684: checking whether -lc should be explicitly linked in
configure:10692: gcc -c -g -O2  conftest.c >&5
configure:10695: $? = 0
configure:10710: gcc -shared  -fPIC -DPIC conftest.o  -v -Wl,-soname -Wl,conftest -o conftest 2\>\&1 \| /bin/grep  -lc  \>/dev/null 2\>\&1
configure:10713: $? = 0
configure:10727: result: no
configure:10887: checking dynamic linker characteristics
configure:11468: gcc -o conftest -g -O2   -Wl,-rpath -Wl,/foo conftest.c  >&5
configure:11468: $? = 0
configure:11717: result: GNU/Linux ld.so
configure:11839: checking how to hardcode library paths into programs
configure:11864: result: immediate
configure:12412: checking whether stripping libraries is possible
configure:12417: result: yes
configure:12452: checking if libtool supports shared libraries
configure:12454: result: yes
configure:12457: checking whether to build shared libraries
configure:12482: result: yes
configure:12485: checking whether to build static libraries
configure:12489: result: yes
configure:12512: checking how to run the C++ preprocessor
configure:12539: g++ -E  conftest.cpp
configure:12539: $? = 0
configure:12553: g++ -E  conftest.cpp
conftest.cpp:21:10: fatal error: ac_nonexistent.h: No such file or directory
 #include <ac_nonexistent.h>
          ^~~~~~~~~~~~~~~~~~
compilation terminated.
configure:12553: $? = 1
configure: failed program was:
| /* confdefs.h */
| #define PACKAGE_NAME "hclib"
| #define PACKAGE_TARNAME "hclib"
| #define PACKAGE_VERSION "0.1"
| #define PACKAGE_STRING "hclib 0.1"
| #define PACKAGE_BUGREPORT "vivekk@rice.edu"
| #define PACKAGE_URL ""
| #define STDC_HEADERS 1
| #define HAVE_SYS_TYPES_H 1
| #define HAVE_SYS_STAT_H 1
| #define HAVE_STDLIB_H 1
| #define HAVE_STRING_H 1
| #define HAVE_MEMORY_H 1
| #define HAVE_STRINGS_H 1
| #define HAVE_INTTYPES_H 1
| #define HAVE_STDINT_H 1
| #define HAVE_UNISTD_H 1
| #define HAVE_DLFCN_H 1
| #define LT_OBJDIR ".libs/"
| /* end confdefs.h.  */
| #include <ac_nonexistent.h>
configure:12578: result: g++ -E
configure:12598: g++ -E  conftest.cpp
configure:12598: $? = 0
configure:12612: g++ -E  conftest.cpp
conftest.cpp:21:10: fatal error: ac_nonexistent.h: No such file or directory
 #include <ac_nonexistent.h>
          ^~~~~~~~~~~~~~~~~~
compilation terminated.
configure:12612: $? = 1
configure: failed program was:
| /* confdefs.h */
| #define PACKAGE_NAME "hclib"
| #define PACKAGE_TARNAME "hclib"
| #define PACKAGE_VERSION "0.1"
| #define PACKAGE_STRING "hclib 0.1"
| #define PACKAGE_BUGREPORT "vivekk@rice.edu"
| #define PACKAGE_URL ""
| #define STDC_HEADERS 1
| #define HAVE_SYS_TYPES_H 1
| #define HAVE_SYS_STAT_H 1
| #define HAVE_STDLIB_H 1
| #define HAVE_STRING_H 1
| #define HAVE_MEMORY_H 1
| #define HAVE_STRINGS_H 1
| #define HAVE_INTTYPES_H 1
| #define HAVE_STDINT_H 1
| #define HAVE_UNISTD_H 1
| #define HAVE_DLFCN_H 1
| #define LT_OBJDIR ".libs/"
| /* end confdefs.h.  */
| #include <ac_nonexistent.h>
configure:12774: checking for ld used by g++
configure:12841: result: /usr/bin/ld -m elf_x86_64
configure:12848: checking if the linker (/usr/bin/ld -m elf_x86_64) is GNU ld
configure:12863: result: yes
configure:12918: checking whether the g++ linker (/usr/bin/ld -m elf_x86_64) supports shared libraries
configure:13991: result: yes
configure:14027: g++ -c -g -O2  conftest.cpp >&5
configure:14030: $? = 0
configure:14511: checking for g++ option to produce PIC
configure:14518: result: -fPIC -DPIC
configure:14526: checking if g++ PIC flag -fPIC -DPIC works
configure:14544: g++ -c -g -O2  -fPIC -DPIC -DPIC conftest.cpp >&5
configure:14548: $? = 0
configure:14561: result: yes
configure:14584: checking if g++ static flag -static works
configure:14612: result: yes
configure:14624: checking if g++ supports -c -o file.o
configure:14645: g++ -c -g -O2  -o out/conftest2.o conftest.cpp >&5
configure:14649: $? = 0
configure:14671: result: yes
configure:14676: checking if g++ supports -c -o file.o
configure:14723: result: yes
configure:14753: checking whether the g++ linker (/usr/bin/ld -m elf_x86_64) supports shared libraries
configure:14796: result: yes
configure:14937: checking dynamic linker characteristics
configure:15694: result: GNU/Linux ld.so
configure:15759: checking how to hardcode library paths into programs
configure:15784: result: immediate
configure:15871: Disabled HC performance counters
configure:15898: Production settings disabled
configure:16069: checking that generated files are newer than configure
configure:16075: result: done
configure:16110: creating ./config.status

## ---------------------- ##
## Running config.status. ##
## ---------------------- ##

This file was extended by hclib config.status 0.1, which was
generated by GNU Autoconf 2.69.  Invocation command line was

  CONFIG_FILES    = 
  CONFIG_HEADERS  = 
  CONFIG_LINKS    = 
  CONFIG_COMMANDS = 
  $ ./config.status 

on mittooji

config.status:1076: creating Makefile
config.status:1076: creating src/Makefile
config.status:1233: executing depfiles commands
config.status:1233: executing libtool commands

## ---------------- ##
## Cache variables. ##
## ---------------- ##

ac_cv_build=x86_64-pc-linux-gnu
ac_cv_c_compiler_gnu=yes
ac_cv_cxx_compiler_gnu=yes
ac_cv_env_CCC_set=
ac_cv_env_CCC_value=
ac_cv_env_CC_set=
ac_cv_env_CC_value=
ac_cv_env_CFLAGS_set=
ac_cv_env_CFLAGS_value=
ac_cv_env_CPPFLAGS_set=
ac_cv_env_CPPFLAGS_value=
ac_cv_env_CPP_set=
ac_cv_env_CPP_value=
ac_cv_env_CXXCPP_set=
ac_cv_env_CXXCPP_value=
ac_cv_env_CXXFLAGS_set=
ac_cv_env_CXXFLAGS_value=
ac_cv_env_CXX_set=
ac_cv_env_CXX_value=
ac_cv_env_LDFLAGS_set=
ac_cv_env_LDFLAGS_value=
ac_cv_env_LIBS_set=
ac_cv_env_LIBS_value=
ac_cv_env_LT_SYS_LIBRARY_PATH_set=
ac_cv_env_LT_SYS_LIBRARY_PATH_value=
ac_cv_env_build_alias_set=
ac_cv_env_build_alias_value=
ac_cv_env_host_alias_set=
ac_cv_env_host_alias_value=
ac_cv_env_target_alias_set=
ac_cv_env_target_alias_value=
ac_cv_header_dlfcn_h=yes
ac_cv_header_inttypes_h=yes
ac_cv_header_memory_h=yes
ac_cv_header_stdc=yes
ac_cv_header_stdint_h=yes
ac_cv_header_stdlib_h=yes
ac_cv_header_string_h=yes
ac_cv_header_strings_h=yes
ac_cv_header_sys_stat_h=yes
ac_cv_header_sys_types_h=yes
ac_cv_header_unistd_h=yes
ac_cv_host=x86_64-pc-linux-gnu
ac_cv_objext=o
ac_cv_path_EGREP='/bin/grep -E'
ac_cv_path_FGREP='/bin/grep -F'
ac_cv_path_GREP=/bin/grep
ac_cv_path_SED=/bin/sed
ac_cv_path_install='/usr/bin/install -c'
ac_cv_path_lt_DD=/bin/dd
ac_cv_path_mkdir=/bin/mkdir
ac_cv_prog_AWK=mawk
ac_cv_prog_CPP='gcc -E'
ac_cv_prog_CXXCPP='g++ -E'
ac_cv_prog_ac_ct_AR=ar
ac_cv_prog_ac_ct_CC=gcc
ac_cv_prog_ac_ct_CXX=g++
ac_cv_prog_ac_ct_MANIFEST_TOOL=mt
ac_cv_prog_ac_ct_OBJDUMP=objdump
ac_cv_prog_ac_ct_RANLIB=ranlib
ac_cv_prog_ac_ct_STRIP=strip
ac_cv_prog_cc_c89=
ac_cv_prog_cc_g=yes
ac_cv_prog_cxx_g=yes
ac_cv_prog_make_make_set=yes
am_cv_CC_dependencies_compiler_type=gcc3
am_cv_CXX_dependencies_compiler_type=gcc3
am_cv_make_support_nested_variables=yes
am_cv_prog_cc_c_o=yes
am_cv_prog_tar_ustar=gnutar
lt_cv_ar_at_file=@
lt_cv_archive_cmds_need_lc=no
lt_cv_deplibs_check_method=pass_all
lt_cv_file_magic_cmd='$MAGIC_CMD'
lt_cv_file_magic_test_file=
lt_cv_ld_reload_flag=-r
lt_cv_nm_interface='BSD nm'
lt_cv_objdir=.libs
lt_cv_path_LD=/usr/bin/ld
lt_cv_path_LDCXX='/usr/bin/ld -m elf_x86_64'
lt_cv_path_NM='/usr/bin/nm -B'
lt_cv_path_mainfest_tool=no
lt_cv_prog_compiler_c_o=yes
lt_cv_prog_compiler_c_o_CXX=yes
lt_cv_prog_compiler_pic='-fPIC -DPIC'
lt_cv_prog_compiler_pic_CXX='-fPIC -DPIC'
lt_cv_prog_compiler_pic_works=yes
lt_cv_prog_compiler_pic_works_CXX=yes
lt_cv_prog_compiler_rtti_exceptions=no
lt_cv_prog_compiler_static_works=yes
lt_cv_prog_compiler_static_works_CXX=yes
lt_cv_prog_gnu_ld=yes
lt_cv_prog_gnu_ldcxx=yes
lt_cv_sharedlib_from_linklib_cmd='printf %s\n'
lt_cv_shlibpath_overrides_runpath=yes
lt_cv_sys_global_symbol_pipe='sed -n -e '\''s/^.*[	 ]\([ABCDGIRSTW][ABCDGIRSTW]*\)[	 ][	 ]*\([_A-Za-z][_A-Za-z0-9]*\)$/\1 \2 \2/p'\'' | sed '\''/ __gnu_lto/d'\'''
lt_cv_sys_global_symbol_to_c_name_address='sed -n -e '\''s/^: \(.*\) .*$/  {"\1", (void *) 0},/p'\'' -e '\''s/^[ABCDGIRSTW][ABCDGIRSTW]* .* \(.*\)$/  {"\1", (void *) \&\1},/p'\'''
lt_cv_sys_global_symbol_to_c_name_address_lib_prefix='sed -n -e '\''s/^: \(.*\) .*$/  {"\1", (void *) 0},/p'\'' -e '\''s/^[ABCDGIRSTW][ABCDGIRSTW]* .* \(lib.*\)$/  {"\1", (void *) \&\1},/p'\'' -e '\''s/^[ABCDGIRSTW][ABCDGIRSTW]* .* \(.*\)$/  {"lib\1", (void *) \&\1},/p'\'''
lt_cv_sys_global_symbol_to_cdecl='sed -n -e '\''s/^T .* \(.*\)$/extern int \1();/p'\'' -e '\''s/^[ABCDGIRSTW][ABCDGIRSTW]* .* \(.*\)$/extern char \1;/p'\'''
lt_cv_sys_global_symbol_to_import=
lt_cv_sys_max_cmd_len=1572864
lt_cv_to_host_file_cmd=func_convert_file_noop
lt_cv_to_tool_file_cmd=func_convert_file_noop
lt_cv_truncate_bin='/bin/dd bs=4096 count=1'

## ----------------- ##
## Output variables. ##
## ----------------- ##

ACLOCAL='${SHELL} /home/aayush/Desktop/Deadline4/2017027_CourseprojectDeadline-4/hclib-cse502/config/missing aclocal-1.15'
AMDEPBACKSLASH='\'
AMDEP_FALSE='#'
AMDEP_TRUE=''
AMTAR='$${TAR-tar}'
AM_BACKSLASH='\'
AM_DEFAULT_V='$(AM_DEFAULT_VERBOSITY)'
AM_DEFAULT_VERBOSITY='1'
AM_V='$(V)'
AR='ar'
AUTOCONF='${SHELL} /home/aayush/Desktop/Deadline4/2017027_CourseprojectDeadline-4/hclib-cse502/config/missing autoconf'
AUTOHEADER='${SHELL} /home/aayush/Desktop/Deadline4/2017027_CourseprojectDeadline-4/hclib-cse502/config/missing autoheader'
AUTOMAKE='${SHELL} /home/aayush/Desktop/Deadline4/2017027_CourseprojectDeadline-4/hclib-cse502/config/missing automake-1.15'
AWK='mawk'
CC='gcc'
CCDEPMODE='depmode=gcc3'
CFLAGS='-g -O2'
CPP='gcc -E'
CPPFLAGS=''
CXX='g++'
CXXCPP='g++ -E'
CXXDEPMODE='depmode=gcc3'
CXXFLAGS='-g -O2'
CYGPATH_W='echo'
DEFS='-DPACKAGE_NAME=\"hclib\" -DPACKAGE_TARNAME=\"hclib\" -DPACKAGE_VERSION=\"0.1\" -DPACKAGE_STRING=\"hclib\ 0.1\" -DPACKAGE_BUGREPORT=\"vivekk@rice.edu\" -DPACKAGE_URL=\"\" -DSTDC_HEADERS=1 -DHAVE_SYS_TYPES_H=1 -DHAVE_SYS_STAT_H=1 -DHAVE_STDLIB_H=1 -DHAVE_STRING_H=1 -DHAVE_MEMORY_H=1 -DHAVE_STRINGS_H=1 -DHAVE_INTTYPES_H=1 -DHAVE_STDINT_H=1 -DHAVE_UNISTD_H=1 -DHAVE_DLFCN_H=1 -DLT_OBJDIR=\".libs/\"'
DEPDIR='.deps'
DLLTOOL='false'
DSYMUTIL=''
DUMPBIN=''
ECHO_C=''
ECHO_N='-n'
ECHO_T=''
EGREP='/bin/grep -E'
EXEEXT=''
FGREP='/bin/grep -F'
GREP='/bin/grep'
INSTALL_DATA='${INSTALL} -m 644'
INSTALL_PROGRAM='${INSTALL}'
INSTALL_SCRIPT='${INSTALL}'
INSTALL_STRIP_PROGRAM='$(install_sh) -c -s'
LD='/usr/bin/ld -m elf_x86_64'
LDFLAGS=''
LIBOBJS=''
LIBS=''
LIBTOOL='$(SHELL) $(top_builddir)/libtool'
LIPO=''
LN_S='ln -s'
LTLIBOBJS=''
LT_SYS_LIBRARY_PATH=''
MAKEINFO='${SHELL} /home/aayush/Desktop/Deadline4/2017027_CourseprojectDeadline-4/hclib-cse502/config/missing makeinfo'
MANIFEST_TOOL=':'
MKDIR_P='/bin/mkdir -p'
NM='/usr/bin/nm -B'
NMEDIT=''
OBJDUMP='objdump'
OBJEXT='o'
OTOOL64=''
OTOOL=''
PACKAGE='hclib'
PACKAGE_BUGREPORT='vivekk@rice.edu'
PACKAGE_NAME='hclib'
PACKAGE_STRING='hclib 0.1'
PACKAGE_TARNAME='hclib'
PACKAGE_URL=''
PACKAGE_VERSION='0.1'
PATH_SEPARATOR=':'
PERFCOUNTER_FALSE=''
PERFCOUNTER_TRUE='#'
PRODUCTION_SETTINGS_FALSE=''
PRODUCTION_SETTINGS_TRUE='#'
RANLIB='ranlib'
SED='/bin/sed'
SET_MAKE=''
SHELL='/bin/bash'
STRIP='strip'
VERSION='0.1'
abs_top_srcdir=''
ac_aux_dir='../config'
ac_ct_AR='ar'
ac_ct_CC='gcc'
ac_ct_CXX='g++'
ac_ct_DUMPBIN=''
am__EXEEXT_FALSE=''
am__EXEEXT_TRUE='#'
am__fastdepCC_FALSE='#'
am__fastdepCC_TRUE=''
am__fastdepCXX_FALSE='#'
am__fastdepCXX_TRUE=''
am__include='include'
am__isrc=' -I$(srcdir)'
am__leading_dot='.'
am__nodep='_no'
am__quote=''
am__tar='tar --format=ustar -chf - "$$tardir"'
am__untar='tar -xf -'
bindir='${exec_prefix}/bin'
build='x86_64-pc-linux-gnu'
build_alias=''
build_cpu='x86_64'
build_os='linux-gnu'
build_vendor='pc'
datadir='${datarootdir}'
datarootdir='${prefix}/share'
docdir='${datarootdir}/doc/${PACKAGE_TARNAME}'
dvidir='${docdir}'
exec_prefix='${prefix}'
host='x86_64-pc-linux-gnu'
host_alias=''
host_cpu='x86_64'
host_os='linux-gnu'
host_vendor='pc'
htmldir='${docdir}'
includedir='${prefix}/include'
infodir='${datarootdir}/info'
install_sh='${SHELL} /home/aayush/Desktop/Deadline4/2017027_CourseprojectDeadline-4/hclib-cse502/config/install-sh'
libdir='${exec_prefix}/lib'
libexecdir='${exec_prefix}/libexec'
localedir='${datarootdir}/locale'
localstatedir='${prefix}/var'
mandir='${datarootdir}/man'
mkdir_p='$(MKDIR_P)'
oldincludedir='/usr/include'
pdfdir='${docdir}'
prefix='/home/aayush/Desktop/Deadline4/2017027_CourseprojectDeadline-4/hclib-cse502/hclib-install'
program_transform_name='s,x,x,'
psdir='${docdir}'
runstatedir='${localstatedir}/run'
sbindir='${exec_prefix}/sbin'
sharedstatedir='${prefix}/com'
sysconfdir='${prefix}/etc'
target_alias=''

## ----------- ##
## confdefs.h. ##
## ----------- ##

/* confdefs.h */
#define PACKAGE_NAME "hclib"
#define PACKAGE_TARNAME "hclib"
#define PACKAGE_VERSION "0.1"
#define PACKAGE_STRING "hclib 0.1"
#define PACKAGE_BUGREPORT "vivekk@rice.edu"
#define PACKAGE_URL ""
#define STDC_HEADERS 1
#define HAVE_SYS_TYPES_H 1
#define HAVE_SYS_STAT_H 1
#define HAVE_STDLIB_H 1
#define HAVE_STRING_H 1
#define HAVE_MEMORY_H 1
#define HAVE_STRINGS_H 1
#define HAVE_INTTYPES_H 1
#define HAVE_STDINT_H 1
#define HAVE_UNISTD_H 1
#define HAVE_DLFCN_H 1
#define LT_OBJDIR ".libs/"

configure: exit 0
