
-----
mkdir timedrun fake

-----
---------HCLIB_RUNTIME_INFO-----------
>>> HCLIB_WORKERS		= 16
>>> HCLIB_HPT_FILE	= (null)
>>> HCLIB_BIND_THREADS	= true
WARNING: HCLIB_BIND_THREADS assign cores in round robin. E.g., setting HCLIB_WORKERS=12 on 2-socket node, each with 12 cores, will assign both HCUPC++ places on same socket
>>> HCLIB_STATS		= 1
----------------------------------------
HCLIB_INFO: Round Robin Thread Binding
Testing exp: -0.000000
Input(case 0): nx=8192, ny=8192, nt=50
Heat-UB started...
Heat-UB ended...

Heat Unbalanced
 dx =  0.000192
  dy =  0.000192
  dt =  0.000000
  Stability Value for explicit method must be > 0: 0.391234
 Options: granularity = 10
         nx          = 8192
         ny          = 8192
         nt          = 50
============================ MMTk Statistics Totals ============================
time.mu	totalPushOutDeq	totalPushInDeq	totalStealsInDeq	tWork	tOverhead	tSearch
6049.997	0	67065	0	0.3369	0.1883	0.00000
Total time: 8433.613 ms
------------------------------ End MMTk Statistics -----------------------------
===== TEST PASSED in 8433.613 msec =====

-----
mkdir timedrun fake

-----
---------HCLIB_RUNTIME_INFO-----------
>>> HCLIB_WORKERS		= 16
>>> HCLIB_HPT_FILE	= (null)
>>> HCLIB_BIND_THREADS	= true
WARNING: HCLIB_BIND_THREADS assign cores in round robin. E.g., setting HCLIB_WORKERS=12 on 2-socket node, each with 12 cores, will assign both HCUPC++ places on same socket
>>> HCLIB_STATS		= 1
----------------------------------------
HCLIB_INFO: Round Robin Thread Binding
Testing exp: -0.000000
Input(case 0): nx=8192, ny=8192, nt=50
Heat-UB started...
Heat-UB ended...

Heat Unbalanced
 dx =  0.000192
  dy =  0.000192
  dt =  0.000000
  Stability Value for explicit method must be > 0: 0.391234
 Options: granularity = 10
         nx          = 8192
         ny          = 8192
         nt          = 50
============================ MMTk Statistics Totals ============================
time.mu	totalPushOutDeq	totalPushInDeq	totalStealsInDeq	tWork	tOverhead	tSearch
6136.494	0	67065	0	0.3402	0.1903	0.00000
Total time: 8518.941 ms
------------------------------ End MMTk Statistics -----------------------------
===== TEST PASSED in 8518.941 msec =====

-----
mkdir timedrun fake

-----
---------HCLIB_RUNTIME_INFO-----------
>>> HCLIB_WORKERS		= 16
>>> HCLIB_HPT_FILE	= (null)
>>> HCLIB_BIND_THREADS	= true
WARNING: HCLIB_BIND_THREADS assign cores in round robin. E.g., setting HCLIB_WORKERS=12 on 2-socket node, each with 12 cores, will assign both HCUPC++ places on same socket
>>> HCLIB_STATS		= 1
----------------------------------------
HCLIB_INFO: Round Robin Thread Binding
Testing exp: -0.000000
Input(case 0): nx=8192, ny=8192, nt=50
Heat-UB started...
Heat-UB ended...

Heat Unbalanced
 dx =  0.000192
  dy =  0.000192
  dt =  0.000000
  Stability Value for explicit method must be > 0: 0.391234
 Options: granularity = 10
         nx          = 8192
         ny          = 8192
         nt          = 50
============================ MMTk Statistics Totals ============================
time.mu	totalPushOutDeq	totalPushInDeq	totalStealsInDeq	tWork	tOverhead	tSearch
6028.608	0	67065	0	0.3357	0.1877	0.00000
Total time: 8405.568 ms
------------------------------ End MMTk Statistics -----------------------------
===== TEST PASSED in 8405.568 msec =====

-----
mkdir timedrun fake

-----
---------HCLIB_RUNTIME_INFO-----------
>>> HCLIB_WORKERS		= 16
>>> HCLIB_HPT_FILE	= (null)
>>> HCLIB_BIND_THREADS	= true
WARNING: HCLIB_BIND_THREADS assign cores in round robin. E.g., setting HCLIB_WORKERS=12 on 2-socket node, each with 12 cores, will assign both HCUPC++ places on same socket
>>> HCLIB_STATS		= 1
----------------------------------------
HCLIB_INFO: Round Robin Thread Binding
Testing exp: -0.000000
Input(case 0): nx=8192, ny=8192, nt=50
Heat-UB started...
Heat-UB ended...

Heat Unbalanced
 dx =  0.000192
  dy =  0.000192
  dt =  0.000000
  Stability Value for explicit method must be > 0: 0.391234
 Options: granularity = 10
         nx          = 8192
         ny          = 8192
         nt          = 50
============================ MMTk Statistics Totals ============================
time.mu	totalPushOutDeq	totalPushInDeq	totalStealsInDeq	tWork	tOverhead	tSearch
6143.861	0	67065	0	0.3405	0.1903	0.00000
Total time: 8525.166 ms
------------------------------ End MMTk Statistics -----------------------------
===== TEST PASSED in 8525.166 msec =====

-----
mkdir timedrun fake

-----
---------HCLIB_RUNTIME_INFO-----------
>>> HCLIB_WORKERS		= 16
>>> HCLIB_HPT_FILE	= (null)
>>> HCLIB_BIND_THREADS	= true
WARNING: HCLIB_BIND_THREADS assign cores in round robin. E.g., setting HCLIB_WORKERS=12 on 2-socket node, each with 12 cores, will assign both HCUPC++ places on same socket
>>> HCLIB_STATS		= 1
----------------------------------------
HCLIB_INFO: Round Robin Thread Binding
Testing exp: -0.000000
Input(case 0): nx=8192, ny=8192, nt=50
Heat-UB started...
Heat-UB ended...

Heat Unbalanced
 dx =  0.000192
  dy =  0.000192
  dt =  0.000000
  Stability Value for explicit method must be > 0: 0.391234
 Options: granularity = 10
         nx          = 8192
         ny          = 8192
         nt          = 50
============================ MMTk Statistics Totals ============================
time.mu	totalPushOutDeq	totalPushInDeq	totalStealsInDeq	tWork	tOverhead	tSearch
6101.758	0	67065	0	0.3388	0.1898	0.00000
Total time: 8489.043 ms
------------------------------ End MMTk Statistics -----------------------------
===== TEST PASSED in 8489.043 msec =====

-----
mkdir timedrun fake

-----
---------HCLIB_RUNTIME_INFO-----------
>>> HCLIB_WORKERS		= 16
>>> HCLIB_HPT_FILE	= (null)
>>> HCLIB_BIND_THREADS	= true
WARNING: HCLIB_BIND_THREADS assign cores in round robin. E.g., setting HCLIB_WORKERS=12 on 2-socket node, each with 12 cores, will assign both HCUPC++ places on same socket
>>> HCLIB_STATS		= 1
----------------------------------------
HCLIB_INFO: Round Robin Thread Binding
Testing exp: -0.000000
Input(case 0): nx=8192, ny=8192, nt=50
Heat-UB started...
Heat-UB ended...

Heat Unbalanced
 dx =  0.000192
  dy =  0.000192
  dt =  0.000000
  Stability Value for explicit method must be > 0: 0.391234
 Options: granularity = 10
         nx          = 8192
         ny          = 8192
         nt          = 50
============================ MMTk Statistics Totals ============================
time.mu	totalPushOutDeq	totalPushInDeq	totalStealsInDeq	tWork	tOverhead	tSearch
6206.821	0	67065	0	0.3428	0.1919	0.00000
Total time: 8586.356 ms
------------------------------ End MMTk Statistics -----------------------------
===== TEST PASSED in 8586.356 msec =====
