
-----
mkdir timedrun fake

-----
---------HCLIB_RUNTIME_INFO-----------
>>> HCLIB_WORKERS		= 24
>>> HCLIB_HPT_FILE	= (null)
>>> HCLIB_BIND_THREADS	= true
WARNING: HCLIB_BIND_THREADS assign cores in round robin. E.g., setting HCLIB_WORKERS=12 on 2-socket node, each with 12 cores, will assign both HCUPC++ places on same socket
>>> HCLIB_STATS		= 1
----------------------------------------
HCLIB_INFO: Round Robin Thread Binding
Testing exp: -0.000000
Input(case 1): nx=16384, ny=16384, nt=50
Heat started...
Heat ended...

Heat Unbalanced
 dx =  0.000096
  dy =  0.000096
  dt =  0.000000
  Stability Value for explicit method must be > 0: 0.064882
 Options: granularity = 8
         nx          = 16384
         ny          = 16384
         nt          = 50
============================ MMTk Statistics Totals ============================
time.mu	totalPushOutDeq	totalPushInDeq	totalStealsInDeq	tWork	tOverhead	tSearch
24718.619	0	104397	0	0.7097	0.7109	0.00000
Total time: 34213.791 ms
------------------------------ End MMTk Statistics -----------------------------
===== TEST PASSED in 34213.791 msec =====

-----
mkdir timedrun fake

-----
---------HCLIB_RUNTIME_INFO-----------
>>> HCLIB_WORKERS		= 24
>>> HCLIB_HPT_FILE	= (null)
>>> HCLIB_BIND_THREADS	= true
WARNING: HCLIB_BIND_THREADS assign cores in round robin. E.g., setting HCLIB_WORKERS=12 on 2-socket node, each with 12 cores, will assign both HCUPC++ places on same socket
>>> HCLIB_STATS		= 1
----------------------------------------
HCLIB_INFO: Round Robin Thread Binding
Testing exp: -0.000000
Input(case 1): nx=16384, ny=16384, nt=50
Heat started...
Heat ended...

Heat Unbalanced
 dx =  0.000096
  dy =  0.000096
  dt =  0.000000
  Stability Value for explicit method must be > 0: 0.064882
 Options: granularity = 8
         nx          = 16384
         ny          = 16384
         nt          = 50
============================ MMTk Statistics Totals ============================
time.mu	totalPushOutDeq	totalPushInDeq	totalStealsInDeq	tWork	tOverhead	tSearch
24292.530	0	104397	0	0.6990	0.7038	0.00000
Total time: 33787.619 ms
------------------------------ End MMTk Statistics -----------------------------
===== TEST PASSED in 33787.619 msec =====

-----
mkdir timedrun fake

-----
---------HCLIB_RUNTIME_INFO-----------
>>> HCLIB_WORKERS		= 24
>>> HCLIB_HPT_FILE	= (null)
>>> HCLIB_BIND_THREADS	= true
WARNING: HCLIB_BIND_THREADS assign cores in round robin. E.g., setting HCLIB_WORKERS=12 on 2-socket node, each with 12 cores, will assign both HCUPC++ places on same socket
>>> HCLIB_STATS		= 1
----------------------------------------
HCLIB_INFO: Round Robin Thread Binding
Testing exp: -0.000000
Input(case 1): nx=16384, ny=16384, nt=50
Heat started...
Heat ended...

Heat Unbalanced
 dx =  0.000096
  dy =  0.000096
  dt =  0.000000
  Stability Value for explicit method must be > 0: 0.064882
 Options: granularity = 8
         nx          = 16384
         ny          = 16384
         nt          = 50
============================ MMTk Statistics Totals ============================
time.mu	totalPushOutDeq	totalPushInDeq	totalStealsInDeq	tWork	tOverhead	tSearch
24615.948	0	104397	0	0.7067	0.7092	0.00000
Total time: 34103.948 ms
------------------------------ End MMTk Statistics -----------------------------
===== TEST PASSED in 34103.948 msec =====

-----
mkdir timedrun fake

-----
---------HCLIB_RUNTIME_INFO-----------
>>> HCLIB_WORKERS		= 24
>>> HCLIB_HPT_FILE	= (null)
>>> HCLIB_BIND_THREADS	= true
WARNING: HCLIB_BIND_THREADS assign cores in round robin. E.g., setting HCLIB_WORKERS=12 on 2-socket node, each with 12 cores, will assign both HCUPC++ places on same socket
>>> HCLIB_STATS		= 1
----------------------------------------
HCLIB_INFO: Round Robin Thread Binding
Testing exp: -0.000000
Input(case 1): nx=16384, ny=16384, nt=50
Heat started...
Heat ended...

Heat Unbalanced
 dx =  0.000096
  dy =  0.000096
  dt =  0.000000
  Stability Value for explicit method must be > 0: 0.064882
 Options: granularity = 8
         nx          = 16384
         ny          = 16384
         nt          = 50
============================ MMTk Statistics Totals ============================
time.mu	totalPushOutDeq	totalPushInDeq	totalStealsInDeq	tWork	tOverhead	tSearch
24274.035	0	104397	0	0.6997	0.7020	0.00000
Total time: 33761.404 ms
------------------------------ End MMTk Statistics -----------------------------
===== TEST PASSED in 33761.404 msec =====

-----
mkdir timedrun fake

-----
---------HCLIB_RUNTIME_INFO-----------
>>> HCLIB_WORKERS		= 24
>>> HCLIB_HPT_FILE	= (null)
>>> HCLIB_BIND_THREADS	= true
WARNING: HCLIB_BIND_THREADS assign cores in round robin. E.g., setting HCLIB_WORKERS=12 on 2-socket node, each with 12 cores, will assign both HCUPC++ places on same socket
>>> HCLIB_STATS		= 1
----------------------------------------
HCLIB_INFO: Round Robin Thread Binding
Testing exp: -0.000000
Input(case 1): nx=16384, ny=16384, nt=50
Heat started...
Heat ended...

Heat Unbalanced
 dx =  0.000096
  dy =  0.000096
  dt =  0.000000
  Stability Value for explicit method must be > 0: 0.064882
 Options: granularity = 8
         nx          = 16384
         ny          = 16384
         nt          = 50
============================ MMTk Statistics Totals ============================
time.mu	totalPushOutDeq	totalPushInDeq	totalStealsInDeq	tWork	tOverhead	tSearch
24408.300	0	104397	0	0.7012	0.7057	0.00000
Total time: 33886.498 ms
------------------------------ End MMTk Statistics -----------------------------
===== TEST PASSED in 33886.498 msec =====

-----
mkdir timedrun fake

-----
---------HCLIB_RUNTIME_INFO-----------
>>> HCLIB_WORKERS		= 24
>>> HCLIB_HPT_FILE	= (null)
>>> HCLIB_BIND_THREADS	= true
WARNING: HCLIB_BIND_THREADS assign cores in round robin. E.g., setting HCLIB_WORKERS=12 on 2-socket node, each with 12 cores, will assign both HCUPC++ places on same socket
>>> HCLIB_STATS		= 1
----------------------------------------
HCLIB_INFO: Round Robin Thread Binding
Testing exp: -0.000000
Input(case 1): nx=16384, ny=16384, nt=50
Heat started...
Heat ended...

Heat Unbalanced
 dx =  0.000096
  dy =  0.000096
  dt =  0.000000
  Stability Value for explicit method must be > 0: 0.064882
 Options: granularity = 8
         nx          = 16384
         ny          = 16384
         nt          = 50
============================ MMTk Statistics Totals ============================
time.mu	totalPushOutDeq	totalPushInDeq	totalStealsInDeq	tWork	tOverhead	tSearch
24358.005	0	104397	0	0.7018	0.7029	0.00000
Total time: 33831.905 ms
------------------------------ End MMTk Statistics -----------------------------
===== TEST PASSED in 33831.905 msec =====
