
-----
mkdir timedrun fake

-----
---------HCLIB_RUNTIME_INFO-----------
>>> HCLIB_WORKERS		= 24
>>> HCLIB_HPT_FILE	= (null)
>>> HCLIB_BIND_THREADS	= true
WARNING: HCLIB_BIND_THREADS assign cores in round robin. E.g., setting HCLIB_WORKERS=12 on 2-socket node, each with 12 cores, will assign both HCUPC++ places on same socket
>>> HCLIB_STATS		= 1
----------------------------------------
HCLIB_INFO: Round Robin Thread Binding
Testing exp: -0.000000
Input(case 0): nx=8192, ny=8192, nt=50
Heat started...
Heat ended...

Heat Unbalanced
 dx =  0.000192
  dy =  0.000192
  dt =  0.000000
  Stability Value for explicit method must be > 0: 0.391234
 Options: granularity = 8
         nx          = 8192
         ny          = 8192
         nt          = 50
============================ MMTk Statistics Totals ============================
time.mu	totalPushOutDeq	totalPushInDeq	totalStealsInDeq	tWork	tOverhead	tSearch
6227.160	0	52173	0	0.1785	0.1793	0.00000
Total time: 8616.871 ms
------------------------------ End MMTk Statistics -----------------------------
===== TEST PASSED in 8616.871 msec =====

-----
mkdir timedrun fake

-----
---------HCLIB_RUNTIME_INFO-----------
>>> HCLIB_WORKERS		= 24
>>> HCLIB_HPT_FILE	= (null)
>>> HCLIB_BIND_THREADS	= true
WARNING: HCLIB_BIND_THREADS assign cores in round robin. E.g., setting HCLIB_WORKERS=12 on 2-socket node, each with 12 cores, will assign both HCUPC++ places on same socket
>>> HCLIB_STATS		= 1
----------------------------------------
HCLIB_INFO: Round Robin Thread Binding
Testing exp: -0.000000
Input(case 0): nx=8192, ny=8192, nt=50
Heat started...
Heat ended...

Heat Unbalanced
 dx =  0.000192
  dy =  0.000192
  dt =  0.000000
  Stability Value for explicit method must be > 0: 0.391234
 Options: granularity = 8
         nx          = 8192
         ny          = 8192
         nt          = 50
============================ MMTk Statistics Totals ============================
time.mu	totalPushOutDeq	totalPushInDeq	totalStealsInDeq	tWork	tOverhead	tSearch
6194.496	0	52173	0	0.1775	0.1787	0.00000
Total time: 8578.717 ms
------------------------------ End MMTk Statistics -----------------------------
===== TEST PASSED in 8578.717 msec =====

-----
mkdir timedrun fake

-----
---------HCLIB_RUNTIME_INFO-----------
>>> HCLIB_WORKERS		= 24
>>> HCLIB_HPT_FILE	= (null)
>>> HCLIB_BIND_THREADS	= true
WARNING: HCLIB_BIND_THREADS assign cores in round robin. E.g., setting HCLIB_WORKERS=12 on 2-socket node, each with 12 cores, will assign both HCUPC++ places on same socket
>>> HCLIB_STATS		= 1
----------------------------------------
HCLIB_INFO: Round Robin Thread Binding
Testing exp: -0.000000
Input(case 0): nx=8192, ny=8192, nt=50
Heat started...
Heat ended...

Heat Unbalanced
 dx =  0.000192
  dy =  0.000192
  dt =  0.000000
  Stability Value for explicit method must be > 0: 0.391234
 Options: granularity = 8
         nx          = 8192
         ny          = 8192
         nt          = 50
============================ MMTk Statistics Totals ============================
time.mu	totalPushOutDeq	totalPushInDeq	totalStealsInDeq	tWork	tOverhead	tSearch
5957.509	0	52173	0	0.1725	0.1735	0.00000
Total time: 8335.916 ms
------------------------------ End MMTk Statistics -----------------------------
===== TEST PASSED in 8335.916 msec =====

-----
mkdir timedrun fake

-----
---------HCLIB_RUNTIME_INFO-----------
>>> HCLIB_WORKERS		= 24
>>> HCLIB_HPT_FILE	= (null)
>>> HCLIB_BIND_THREADS	= true
WARNING: HCLIB_BIND_THREADS assign cores in round robin. E.g., setting HCLIB_WORKERS=12 on 2-socket node, each with 12 cores, will assign both HCUPC++ places on same socket
>>> HCLIB_STATS		= 1
----------------------------------------
HCLIB_INFO: Round Robin Thread Binding
Testing exp: -0.000000
Input(case 0): nx=8192, ny=8192, nt=50
Heat started...
Heat ended...

Heat Unbalanced
 dx =  0.000192
  dy =  0.000192
  dt =  0.000000
  Stability Value for explicit method must be > 0: 0.391234
 Options: granularity = 8
         nx          = 8192
         ny          = 8192
         nt          = 50
============================ MMTk Statistics Totals ============================
time.mu	totalPushOutDeq	totalPushInDeq	totalStealsInDeq	tWork	tOverhead	tSearch
6159.019	0	52173	0	0.1767	0.1779	0.00000
Total time: 8541.947 ms
------------------------------ End MMTk Statistics -----------------------------
===== TEST PASSED in 8541.947 msec =====

-----
mkdir timedrun fake

-----
---------HCLIB_RUNTIME_INFO-----------
>>> HCLIB_WORKERS		= 24
>>> HCLIB_HPT_FILE	= (null)
>>> HCLIB_BIND_THREADS	= true
WARNING: HCLIB_BIND_THREADS assign cores in round robin. E.g., setting HCLIB_WORKERS=12 on 2-socket node, each with 12 cores, will assign both HCUPC++ places on same socket
>>> HCLIB_STATS		= 1
----------------------------------------
HCLIB_INFO: Round Robin Thread Binding
Testing exp: -0.000000
Input(case 0): nx=8192, ny=8192, nt=50
Heat started...
Heat ended...

Heat Unbalanced
 dx =  0.000192
  dy =  0.000192
  dt =  0.000000
  Stability Value for explicit method must be > 0: 0.391234
 Options: granularity = 8
         nx          = 8192
         ny          = 8192
         nt          = 50
============================ MMTk Statistics Totals ============================
time.mu	totalPushOutDeq	totalPushInDeq	totalStealsInDeq	tWork	tOverhead	tSearch
6141.974	0	52173	0	0.1770	0.1780	0.00000
Total time: 8550.625 ms
------------------------------ End MMTk Statistics -----------------------------
===== TEST PASSED in 8550.625 msec =====

-----
mkdir timedrun fake

-----
---------HCLIB_RUNTIME_INFO-----------
>>> HCLIB_WORKERS		= 24
>>> HCLIB_HPT_FILE	= (null)
>>> HCLIB_BIND_THREADS	= true
WARNING: HCLIB_BIND_THREADS assign cores in round robin. E.g., setting HCLIB_WORKERS=12 on 2-socket node, each with 12 cores, will assign both HCUPC++ places on same socket
>>> HCLIB_STATS		= 1
----------------------------------------
HCLIB_INFO: Round Robin Thread Binding
Testing exp: -0.000000
Input(case 0): nx=8192, ny=8192, nt=50
Heat started...
Heat ended...

Heat Unbalanced
 dx =  0.000192
  dy =  0.000192
  dt =  0.000000
  Stability Value for explicit method must be > 0: 0.391234
 Options: granularity = 8
         nx          = 8192
         ny          = 8192
         nt          = 50
============================ MMTk Statistics Totals ============================
time.mu	totalPushOutDeq	totalPushInDeq	totalStealsInDeq	tWork	tOverhead	tSearch
6069.186	0	52173	0	0.1748	0.1761	0.00000
Total time: 8454.242 ms
------------------------------ End MMTk Statistics -----------------------------
===== TEST PASSED in 8454.242 msec =====
