
-----
mkdir timedrun fake

-----
---------HCLIB_RUNTIME_INFO-----------
>>> HCLIB_WORKERS		= 8
>>> HCLIB_HPT_FILE	= (null)
>>> HCLIB_BIND_THREADS	= true
WARNING: HCLIB_BIND_THREADS assign cores in round robin. E.g., setting HCLIB_WORKERS=12 on 2-socket node, each with 12 cores, will assign both HCUPC++ places on same socket
>>> HCLIB_STATS		= 1
----------------------------------------
HCLIB_INFO: Round Robin Thread Binding
Testing exp: -0.000000
Input(case 0): nx=8192, ny=8192, nt=50
Heat started...
Heat ended...

Heat Unbalanced
 dx =  0.000192
  dy =  0.000192
  dt =  0.000000
  Stability Value for explicit method must be > 0: 0.391234
 Options: granularity = 8
         nx          = 8192
         ny          = 8192
         nt          = 50
============================ MMTk Statistics Totals ============================
time.mu	totalPushOutDeq	totalPushInDeq	totalStealsInDeq	tWork	tOverhead	tSearch
5906.013	0	52173	0	0.5138	0.5182	0.00000
Total time: 8287.335 ms
------------------------------ End MMTk Statistics -----------------------------
===== TEST PASSED in 8287.335 msec =====

-----
mkdir timedrun fake

-----
---------HCLIB_RUNTIME_INFO-----------
>>> HCLIB_WORKERS		= 8
>>> HCLIB_HPT_FILE	= (null)
>>> HCLIB_BIND_THREADS	= true
WARNING: HCLIB_BIND_THREADS assign cores in round robin. E.g., setting HCLIB_WORKERS=12 on 2-socket node, each with 12 cores, will assign both HCUPC++ places on same socket
>>> HCLIB_STATS		= 1
----------------------------------------
HCLIB_INFO: Round Robin Thread Binding
Testing exp: -0.000000
Input(case 0): nx=8192, ny=8192, nt=50
Heat started...
Heat ended...

Heat Unbalanced
 dx =  0.000192
  dy =  0.000192
  dt =  0.000000
  Stability Value for explicit method must be > 0: 0.391234
 Options: granularity = 8
         nx          = 8192
         ny          = 8192
         nt          = 50
============================ MMTk Statistics Totals ============================
time.mu	totalPushOutDeq	totalPushInDeq	totalStealsInDeq	tWork	tOverhead	tSearch
5886.712	0	52173	0	0.5131	0.5166	0.00000
Total time: 8268.510 ms
------------------------------ End MMTk Statistics -----------------------------
===== TEST PASSED in 8268.510 msec =====

-----
mkdir timedrun fake

-----
---------HCLIB_RUNTIME_INFO-----------
>>> HCLIB_WORKERS		= 8
>>> HCLIB_HPT_FILE	= (null)
>>> HCLIB_BIND_THREADS	= true
WARNING: HCLIB_BIND_THREADS assign cores in round robin. E.g., setting HCLIB_WORKERS=12 on 2-socket node, each with 12 cores, will assign both HCUPC++ places on same socket
>>> HCLIB_STATS		= 1
----------------------------------------
HCLIB_INFO: Round Robin Thread Binding
Testing exp: -0.000000
Input(case 0): nx=8192, ny=8192, nt=50
Heat started...
Heat ended...

Heat Unbalanced
 dx =  0.000192
  dy =  0.000192
  dt =  0.000000
  Stability Value for explicit method must be > 0: 0.391234
 Options: granularity = 8
         nx          = 8192
         ny          = 8192
         nt          = 50
============================ MMTk Statistics Totals ============================
time.mu	totalPushOutDeq	totalPushInDeq	totalStealsInDeq	tWork	tOverhead	tSearch
5832.599	0	52173	0	0.5099	0.5123	0.00000
Total time: 8208.537 ms
------------------------------ End MMTk Statistics -----------------------------
===== TEST PASSED in 8208.537 msec =====

-----
mkdir timedrun fake

-----
---------HCLIB_RUNTIME_INFO-----------
>>> HCLIB_WORKERS		= 8
>>> HCLIB_HPT_FILE	= (null)
>>> HCLIB_BIND_THREADS	= true
WARNING: HCLIB_BIND_THREADS assign cores in round robin. E.g., setting HCLIB_WORKERS=12 on 2-socket node, each with 12 cores, will assign both HCUPC++ places on same socket
>>> HCLIB_STATS		= 1
----------------------------------------
HCLIB_INFO: Round Robin Thread Binding
Testing exp: -0.000000
Input(case 0): nx=8192, ny=8192, nt=50
Heat started...
Heat ended...

Heat Unbalanced
 dx =  0.000192
  dy =  0.000192
  dt =  0.000000
  Stability Value for explicit method must be > 0: 0.391234
 Options: granularity = 8
         nx          = 8192
         ny          = 8192
         nt          = 50
============================ MMTk Statistics Totals ============================
time.mu	totalPushOutDeq	totalPushInDeq	totalStealsInDeq	tWork	tOverhead	tSearch
5876.190	0	52173	0	0.5118	0.5163	0.00000
Total time: 8255.407 ms
------------------------------ End MMTk Statistics -----------------------------
===== TEST PASSED in 8255.407 msec =====

-----
mkdir timedrun fake

-----
---------HCLIB_RUNTIME_INFO-----------
>>> HCLIB_WORKERS		= 8
>>> HCLIB_HPT_FILE	= (null)
>>> HCLIB_BIND_THREADS	= true
WARNING: HCLIB_BIND_THREADS assign cores in round robin. E.g., setting HCLIB_WORKERS=12 on 2-socket node, each with 12 cores, will assign both HCUPC++ places on same socket
>>> HCLIB_STATS		= 1
----------------------------------------
HCLIB_INFO: Round Robin Thread Binding
Testing exp: -0.000000
Input(case 0): nx=8192, ny=8192, nt=50
Heat started...
Heat ended...

Heat Unbalanced
 dx =  0.000192
  dy =  0.000192
  dt =  0.000000
  Stability Value for explicit method must be > 0: 0.391234
 Options: granularity = 8
         nx          = 8192
         ny          = 8192
         nt          = 50
============================ MMTk Statistics Totals ============================
time.mu	totalPushOutDeq	totalPushInDeq	totalStealsInDeq	tWork	tOverhead	tSearch
5908.875	0	52173	0	0.5143	0.5185	0.00000
Total time: 8292.738 ms
------------------------------ End MMTk Statistics -----------------------------
===== TEST PASSED in 8292.738 msec =====

-----
mkdir timedrun fake

-----
---------HCLIB_RUNTIME_INFO-----------
>>> HCLIB_WORKERS		= 8
>>> HCLIB_HPT_FILE	= (null)
>>> HCLIB_BIND_THREADS	= true
WARNING: HCLIB_BIND_THREADS assign cores in round robin. E.g., setting HCLIB_WORKERS=12 on 2-socket node, each with 12 cores, will assign both HCUPC++ places on same socket
>>> HCLIB_STATS		= 1
----------------------------------------
HCLIB_INFO: Round Robin Thread Binding
Testing exp: -0.000000
Input(case 0): nx=8192, ny=8192, nt=50
Heat started...
Heat ended...

Heat Unbalanced
 dx =  0.000192
  dy =  0.000192
  dt =  0.000000
  Stability Value for explicit method must be > 0: 0.391234
 Options: granularity = 8
         nx          = 8192
         ny          = 8192
         nt          = 50
============================ MMTk Statistics Totals ============================
time.mu	totalPushOutDeq	totalPushInDeq	totalStealsInDeq	tWork	tOverhead	tSearch
5858.565	0	52173	0	0.5116	0.5143	0.00000
Total time: 8237.382 ms
------------------------------ End MMTk Statistics -----------------------------
===== TEST PASSED in 8237.382 msec =====
